<?xml version="1.0" encoding="UTF-8"?>
<!-- Generated by org.testng.reporters.JUnitReportReporter -->
<testsuite hostname="sales2-IT33" failures="0" tests="1" name="tests.TrendingDestinationsTest" time="62.089" errors="0" timestamp="2025-05-29T14:08:58 BST" skipped="0">
  <testcase classname="tests.TrendingDestinationsTest" name="printAllTrendingDestinationsWithFaqCheck" time="62.089"/>
</testsuite> <!-- tests.TrendingDestinationsTest -->
