<?xml version="1.0" encoding="UTF-8"?>
<!-- Generated by org.testng.reporters.JUnitReportReporter -->
<testsuite hostname="sales2-IT33" failures="0" tests="1" name="tests.TopDestinationsTest" time="15.380" errors="0" timestamp="2025-05-08T13:46:13 BST" skipped="0">
  <testcase classname="tests.TopDestinationsTest" name="verifyTopDestinationsOnDestinationPage" time="15.380"/>
</testsuite> <!-- tests.TopDestinationsTest -->
