<?xml version="1.0" encoding="UTF-8"?>
<!-- Generated by org.testng.reporters.JUnitReportReporter -->
<testsuite hostname="sales2-IT33" failures="0" tests="3" name="tests.allSeoTest" time="0.924" errors="0" timestamp="2025-06-02T08:00:14 BST" skipped="0">
  <testcase classname="tests.allSeoTest" name="robotsTxtChecker" time="0.853"/>
  <testcase classname="tests.allSeoTest" name="canonicalTagChecker" time="0.013"/>
  <testcase classname="tests.allSeoTest" name="metaTagsChecker" time="0.058"/>
</testsuite> <!-- tests.allSeoTest -->
