<?xml version="1.0" encoding="UTF-8"?>
<!-- Generated by org.testng.reporters.JUnitReportReporter -->
<testsuite hostname="sales2-IT33" failures="0" tests="1" name="tests.AllDealsCountInExcel" time="151.871" errors="0" timestamp="2025-04-25T12:48:08 BST" skipped="0">
  <testcase classname="tests.AllDealsCountInExcel" name="searchDeals" time="151.871"/>
</testsuite> <!-- tests.AllDealsCountInExcel -->
