<?xml version="1.0" encoding="UTF-8"?>
<!-- Generated by org.testng.reporters.JUnitReportReporter -->
<testsuite hostname="sales2-IT33" failures="0" tests="1" name="tests.ShowMore20DealsTest" time="31.982" errors="0" timestamp="2025-06-02T08:00:14 BST" skipped="0">
  <testcase classname="tests.ShowMore20DealsTest" name="testShow20ButtonFunctionality" time="31.982"/>
</testsuite> <!-- tests.ShowMore20DealsTest -->
