<?xml version="1.0" encoding="UTF-8"?>
<!-- Generated by org.testng.reporters.JUnitReportReporter -->
<testsuite hostname="sales2-IT33" failures="0" tests="1" name="tests.Top20RatingFilterTest" time="50.774" errors="0" timestamp="2025-05-08T13:46:13 BST" skipped="0">
  <testcase classname="tests.Top20RatingFilterTest" name="verifyRatingFilterCounts" time="50.774"/>
</testsuite> <!-- tests.Top20RatingFilterTest -->
