<?xml version="1.0" encoding="UTF-8"?>
<!-- Generated by org.testng.reporters.JUnitReportReporter -->
<testsuite hostname="sales2-IT33" failures="0" tests="4" name="tests.VerifyFiltersAndSortingTest" time="125.583" errors="0" timestamp="2025-06-03T08:26:02 BST" skipped="0">
  <testcase classname="tests.VerifyFiltersAndSortingTest" name="verifyRatingFilterCounts" time="51.074"/>
  <testcase classname="tests.VerifyFiltersAndSortingTest" name="testPriceFilter500to1000" time="21.095"/>
  <testcase classname="tests.VerifyFiltersAndSortingTest" name="testFilterByFiveToTenNights" time="23.156"/>
  <testcase classname="tests.VerifyFiltersAndSortingTest" name="verifySortingFilterCounts" time="30.258"/>
</testsuite> <!-- tests.VerifyFiltersAndSortingTest -->
