<?xml version="1.0" encoding="UTF-8"?>
<!-- Generated by org.testng.reporters.JUnitReportReporter -->
<testsuite hostname="sales2-IT33" failures="0" tests="5" name="tests.VerifySubmitAllEnquiriesTest" time="63.520" errors="0" timestamp="2025-06-03T08:26:02 BST" skipped="0">
  <testcase classname="tests.VerifySubmitAllEnquiriesTest" name="SubscribeEnquiry" time="2.168"/>
  <testcase classname="tests.VerifySubmitAllEnquiriesTest" name="submitContactUsEnquiry" time="2.609"/>
  <testcase classname="tests.VerifySubmitAllEnquiriesTest" name="submitGroupBookingEnquiry" time="1.588"/>
  <testcase classname="tests.VerifySubmitAllEnquiriesTest" name="searchDeal" time="20.708"/>
  <testcase classname="tests.VerifySubmitAllEnquiriesTest" name="testEnquiryAndDealClick" time="36.447"/>
</testsuite> <!-- tests.VerifySubmitAllEnquiriesTest -->
