<?xml version="1.0" encoding="UTF-8"?>
<!-- Generated by org.testng.reporters.JUnitReportReporter -->
<testsuite hostname="sales2-IT33" failures="0" tests="1" name="tests.VerifyTrendingDestinationsRandomTest" time="8.842" errors="0" timestamp="2025-06-03T11:39:43 BST" skipped="0">
  <testcase classname="tests.VerifyTrendingDestinationsRandomTest" name="clickTwoRandomTrendingDestinationsWithFaqCheck" time="8.842"/>
</testsuite> <!-- tests.VerifyTrendingDestinationsRandomTest -->
