<?xml version="1.0" encoding="UTF-8"?>
<!-- Generated by org.testng.reporters.JUnitReportReporter -->
<testsuite hostname="sales2-IT33" failures="0" tests="1" name="tests.TrendingDestinationsRandomTest" time="40.423" errors="0" timestamp="2025-06-02T08:00:14 BST" skipped="0">
  <testcase classname="tests.TrendingDestinationsRandomTest" name="clickTwoRandomTrendingDestinationsWithFaqCheck" time="40.423"/>
</testsuite> <!-- tests.TrendingDestinationsRandomTest -->
