<?xml version="1.0" encoding="UTF-8"?>
<!-- Generated by org.testng.reporters.JUnitReportReporter -->
<testsuite hostname="sales2-IT33" failures="0" tests="1" name="tests.AllDealsCountInExcelTest" time="158.267" errors="0" timestamp="2025-05-08T13:46:13 BST" skipped="0">
  <testcase classname="tests.AllDealsCountInExcelTest" name="searchDeals" time="158.267"/>
</testsuite> <!-- tests.AllDealsCountInExcelTest -->
