<?xml version="1.0" encoding="UTF-8"?>
<!-- Generated by org.testng.reporters.JUnitReportReporter -->
<testsuite hostname="sales2-IT33" failures="0" tests="3" name="tests.BasicsTest" time="1.596" errors="0" timestamp="2025-05-08T13:46:13 BST" skipped="0">
  <testcase classname="tests.BasicsTest" name="robotsTxtChecker" time="1.474"/>
  <testcase classname="tests.BasicsTest" name="canonicalTagChecker" time="0.078"/>
  <testcase classname="tests.BasicsTest" name="metaTagsChecker" time="0.044"/>
</testsuite> <!-- tests.BasicsTest -->
