<?xml version="1.0" encoding="UTF-8"?>
<!-- Generated by org.testng.reporters.JUnitReportReporter -->
<testsuite hostname="sales2-IT33" failures="0" tests="1" name="tests.VerifyDealDetailTest" time="34.015" errors="0" timestamp="2025-06-03T08:26:02 BST" skipped="0">
  <testcase classname="tests.VerifyDealDetailTest" name="verifyDealDetail" time="34.015"/>
</testsuite> <!-- tests.VerifyDealDetailTest -->
