<?xml version="1.0" encoding="UTF-8"?>
<!-- Generated by org.testng.reporters.JUnitReportReporter -->
<testsuite hostname="sales2-IT33" failures="0" tests="1" name="tests.DealSearchWithParamsTest" time="5.541" errors="0" timestamp="2025-04-10T10:59:20 BST" skipped="0">
  <testcase classname="tests.DealSearchWithParamsTest" name="searchDeals" time="5.541"/>
</testsuite> <!-- tests.DealSearchWithParamsTest -->
