<?xml version="1.0" encoding="UTF-8"?>
<!-- Generated by org.testng.reporters.JUnitReportReporter -->
<testsuite hostname="sales2-IT33" failures="0" tests="1" name="tests.VerifyShowMore20DealsTest" time="31.378" errors="0" timestamp="2025-06-03T08:26:02 BST" skipped="0">
  <testcase classname="tests.VerifyShowMore20DealsTest" name="testShow20ButtonFunctionality" time="31.378"/>
</testsuite> <!-- tests.VerifyShowMore20DealsTest -->
